[2026-05-30T15:48:19.952Z] [INFO] ?? Starting Wiktionary Vietnamese Dictionary Fetcher
[2026-05-30T15:48:19.957Z] [INFO] ??  Config: Timeout=60000ms, MaxRetries=5, BatchSize=500
[2026-05-30T15:48:19.958Z] [INFO] ?? Starting to fetch all Vietnamese words from Wiktionary...
[2026-05-30T15:48:19.958Z] [DEBUG] Attempt 1/6: Fetching...
[2026-05-30T15:48:20.778Z] [DEBUG] ? Successfully fetched data
[2026-05-30T15:48:20.779Z] [INFO] ?? Page 1: Fetched 500 words (Total: 500)
[2026-05-30T15:48:20.779Z] [DEBUG] Attempt 1/6: Fetching...
[2026-05-30T15:48:21.335Z] [DEBUG] ? Successfully fetched data
[2026-05-30T15:48:21.336Z] [INFO] ?? Page 2: Fetched 500 words (Total: 1000)
[2026-05-30T15:48:21.336Z] [DEBUG] Attempt 1/6: Fetching...
[2026-05-30T15:48:21.903Z] [DEBUG] ? Successfully fetched data
[2026-05-30T15:48:21.904Z] [INFO] ?? Page 3: Fetched 500 words (Total: 1500)
[2026-05-30T15:48:21.904Z] [DEBUG] Attempt 1/6: Fetching...
[2026-05-30T15:48:22.470Z] [DEBUG] ? Successfully fetched data
[2026-05-30T15:48:22.470Z] [INFO] ?? Page 4: Fetched 500 words (Total: 2000)
[2026-05-30T15:48:22.470Z] [DEBUG] Attempt 1/6: Fetching...
[2026-05-30T15:48:23.018Z] [DEBUG] ? Successfully fetched data
[2026-05-30T15:48:23.018Z] [INFO] ?? Page 5: Fetched 500 words (Total: 2500)
[2026-05-30T15:48:23.018Z] [DEBUG] Attempt 1/6: Fetching...
[2026-05-30T15:48:23.560Z] [DEBUG] ? Successfully fetched data
[2026-05-30T15:48:23.561Z] [INFO] ?? Page 6: Fetched 500 words (Total: 3000)
[2026-05-30T15:48:23.561Z] [DEBUG] Attempt 1/6: Fetching...
[2026-05-30T15:48:24.113Z] [DEBUG] ? Successfully fetched data
[2026-05-30T15:48:24.113Z] [INFO] ?? Page 7: Fetched 500 words (Total: 3500)
[2026-05-30T15:48:24.113Z] [DEBUG] Attempt 1/6: Fetching...
[2026-05-30T15:48:24.685Z] [DEBUG] ? Successfully fetched data
[2026-05-30T15:48:24.685Z] [INFO] ?? Page 8: Fetched 500 words (Total: 4000)
[2026-05-30T15:48:24.685Z] [DEBUG] Attempt 1/6: Fetching...
[2026-05-30T15:48:25.263Z] [DEBUG] ? Successfully fetched data
[2026-05-30T15:48:25.263Z] [INFO] ?? Page 9: Fetched 500 words (Total: 4500)
[2026-05-30T15:48:25.263Z] [DEBUG] Attempt 1/6: Fetching...
[2026-05-30T15:48:25.817Z] [DEBUG] ? Successfully fetched data
[2026-05-30T15:48:25.818Z] [INFO] ?? Page 10: Fetched 500 words (Total: 5000)
[2026-05-30T15:48:25.818Z] [DEBUG] Attempt 1/6: Fetching...
[2026-05-30T15:48:26.103Z] [DEBUG] Failed to parse JSON. Data length: 228, First 200 chars: You are making too many requests to the API.
Please follow the best practices at <https://www.mediawiki.org/wiki/Wikimedia_APIs/Rate_limits>.
If you are unsure how to get the access you need, contact 
[2026-05-30T15:48:26.103Z] [INFO] ? Attempt 1 failed: Invalid JSON response
[2026-05-30T15:48:26.104Z] [INFO] ? Retry 1/5 after 3000ms...
[2026-05-30T15:48:29.104Z] [DEBUG] Attempt 2/6: Fetching...
[2026-05-30T15:48:29.395Z] [DEBUG] Failed to parse JSON. Data length: 228, First 200 chars: You are making too many requests to the API.
Please follow the best practices at <https://www.mediawiki.org/wiki/Wikimedia_APIs/Rate_limits>.
If you are unsure how to get the access you need, contact 
[2026-05-30T15:48:29.395Z] [INFO] ? Attempt 2 failed: Invalid JSON response
[2026-05-30T15:48:29.395Z] [INFO] ? Retry 2/5 after 3000ms...
[2026-05-30T15:48:32.399Z] [DEBUG] Attempt 3/6: Fetching...
[2026-05-30T15:48:32.692Z] [DEBUG] Failed to parse JSON. Data length: 228, First 200 chars: You are making too many requests to the API.
Please follow the best practices at <https://www.mediawiki.org/wiki/Wikimedia_APIs/Rate_limits>.
If you are unsure how to get the access you need, contact 
[2026-05-30T15:48:32.692Z] [INFO] ? Attempt 3 failed: Invalid JSON response
[2026-05-30T15:48:32.692Z] [INFO] ? Retry 3/5 after 3000ms...
[2026-05-30T15:48:35.699Z] [DEBUG] Attempt 4/6: Fetching...
[2026-05-30T15:48:35.992Z] [DEBUG] Failed to parse JSON. Data length: 228, First 200 chars: You are making too many requests to the API.
Please follow the best practices at <https://www.mediawiki.org/wiki/Wikimedia_APIs/Rate_limits>.
If you are unsure how to get the access you need, contact 
[2026-05-30T15:48:35.992Z] [INFO] ? Attempt 4 failed: Invalid JSON response
[2026-05-30T15:48:35.992Z] [INFO] ? Retry 4/5 after 3000ms...
[2026-05-30T15:48:39.002Z] [DEBUG] Attempt 5/6: Fetching...
[2026-05-30T15:48:39.282Z] [DEBUG] Failed to parse JSON. Data length: 228, First 200 chars: You are making too many requests to the API.
Please follow the best practices at <https://www.mediawiki.org/wiki/Wikimedia_APIs/Rate_limits>.
If you are unsure how to get the access you need, contact 
[2026-05-30T15:48:39.283Z] [INFO] ? Attempt 5 failed: Invalid JSON response
[2026-05-30T15:48:39.283Z] [INFO] ? Retry 5/5 after 3000ms...
[2026-05-30T15:48:42.285Z] [DEBUG] Attempt 6/6: Fetching...
[2026-05-30T15:48:42.571Z] [DEBUG] Failed to parse JSON. Data length: 228, First 200 chars: You are making too many requests to the API.
Please follow the best practices at <https://www.mediawiki.org/wiki/Wikimedia_APIs/Rate_limits>.
If you are unsure how to get the access you need, contact 
[2026-05-30T15:48:42.571Z] [ERROR] Failed to fetch from Wiktionary - Invalid JSON response
[2026-05-30T15:48:42.571Z] [ERROR] Fatal error - Invalid JSON response