[2026-05-30T15:47:36.407Z] [INFO] ?? Starting Wiktionary Vietnamese Dictionary Fetcher
[2026-05-30T15:47:36.411Z] [INFO] ??  Config: Timeout=60000ms, MaxRetries=5, BatchSize=500
[2026-05-30T15:47:36.412Z] [INFO] ?? Starting to fetch all Vietnamese words from Wiktionary...
[2026-05-30T15:47:36.413Z] [DEBUG] Attempt 1/6: Fetching...
[2026-05-30T15:47:36.676Z] [DEBUG] Failed to parse JSON. Data length: 126, First 100 chars: Please set a user-agent and respect our robot policy https://w.wiki/4wJS. See also https://phabricat
[2026-05-30T15:47:36.677Z] [INFO] ? Attempt 1 failed: Invalid JSON response
[2026-05-30T15:47:36.677Z] [INFO] ? Retry 1/5 after 3000ms...
[2026-05-30T15:47:39.678Z] [DEBUG] Attempt 2/6: Fetching...
[2026-05-30T15:47:39.745Z] [DEBUG] Failed to parse JSON. Data length: 126, First 100 chars: Please set a user-agent and respect our robot policy https://w.wiki/4wJS. See also https://phabricat
[2026-05-30T15:47:39.746Z] [INFO] ? Attempt 2 failed: Invalid JSON response
[2026-05-30T15:47:39.746Z] [INFO] ? Retry 2/5 after 3000ms...
[2026-05-30T15:47:42.765Z] [DEBUG] Attempt 3/6: Fetching...
[2026-05-30T15:47:42.841Z] [DEBUG] Failed to parse JSON. Data length: 126, First 100 chars: Please set a user-agent and respect our robot policy https://w.wiki/4wJS. See also https://phabricat
[2026-05-30T15:47:42.841Z] [INFO] ? Attempt 3 failed: Invalid JSON response
[2026-05-30T15:47:42.842Z] [INFO] ? Retry 3/5 after 3000ms...
[2026-05-30T15:47:45.852Z] [DEBUG] Attempt 4/6: Fetching...
[2026-05-30T15:47:45.917Z] [DEBUG] Failed to parse JSON. Data length: 126, First 100 chars: Please set a user-agent and respect our robot policy https://w.wiki/4wJS. See also https://phabricat
[2026-05-30T15:47:45.917Z] [INFO] ? Attempt 4 failed: Invalid JSON response
[2026-05-30T15:47:45.917Z] [INFO] ? Retry 4/5 after 3000ms...
[2026-05-30T15:47:48.927Z] [DEBUG] Attempt 5/6: Fetching...
[2026-05-30T15:47:48.992Z] [DEBUG] Failed to parse JSON. Data length: 126, First 100 chars: Please set a user-agent and respect our robot policy https://w.wiki/4wJS. See also https://phabricat
[2026-05-30T15:47:48.993Z] [INFO] ? Attempt 5 failed: Invalid JSON response
[2026-05-30T15:47:48.993Z] [INFO] ? Retry 5/5 after 3000ms...
[2026-05-30T15:47:52.006Z] [DEBUG] Attempt 6/6: Fetching...
[2026-05-30T15:47:52.077Z] [DEBUG] Failed to parse JSON. Data length: 126, First 100 chars: Please set a user-agent and respect our robot policy https://w.wiki/4wJS. See also https://phabricat
[2026-05-30T15:47:52.078Z] [ERROR] Failed to fetch from Wiktionary - Invalid JSON response
[2026-05-30T15:47:52.078Z] [ERROR] Fatal error - Invalid JSON response