[2026-05-30T15:52:28.085Z] [INFO] ?? Starting Wiktionary Vietnamese Dictionary Fetcher
[2026-05-30T15:52:28.087Z] [INFO] ??  Config: Timeout=60000ms, MaxRetries=5, BatchSize=500
[2026-05-30T15:52:28.088Z] [INFO] ?? Starting to fetch all Vietnamese words from Wiktionary...
[2026-05-30T15:52:28.088Z] [INFO] ??  Request delay: 2000ms between requests
[2026-05-30T15:52:28.088Z] [DEBUG] Attempt 1/6: Fetching...
[2026-05-30T15:52:28.862Z] [DEBUG] ? Successfully fetched data
[2026-05-30T15:52:28.862Z] [INFO] ?? Page 1: Fetched 500 words (Total: 500)
[2026-05-30T15:52:28.862Z] [DEBUG] ? Waiting 2000ms before next request...
[2026-05-30T15:52:30.870Z] [DEBUG] Attempt 1/6: Fetching...
[2026-05-30T15:52:31.407Z] [DEBUG] ? Successfully fetched data
[2026-05-30T15:52:31.408Z] [INFO] ?? Page 2: Fetched 500 words (Total: 1000)
[2026-05-30T15:52:31.408Z] [DEBUG] ? Waiting 2000ms before next request...
[2026-05-30T15:52:33.420Z] [DEBUG] Attempt 1/6: Fetching...
[2026-05-30T15:52:34.001Z] [DEBUG] ? Successfully fetched data
[2026-05-30T15:52:34.001Z] [INFO] ?? Page 3: Fetched 500 words (Total: 1500)
[2026-05-30T15:52:34.001Z] [DEBUG] ? Waiting 2000ms before next request...
[2026-05-30T15:52:36.015Z] [DEBUG] Attempt 1/6: Fetching...
[2026-05-30T15:52:36.569Z] [DEBUG] ? Successfully fetched data
[2026-05-30T15:52:36.569Z] [INFO] ?? Page 4: Fetched 500 words (Total: 2000)
[2026-05-30T15:52:36.569Z] [DEBUG] ? Waiting 2000ms before next request...
[2026-05-30T15:52:38.570Z] [DEBUG] Attempt 1/6: Fetching...
[2026-05-30T15:52:39.118Z] [DEBUG] ? Successfully fetched data
[2026-05-30T15:52:39.118Z] [INFO] ?? Page 5: Fetched 500 words (Total: 2500)
[2026-05-30T15:52:39.118Z] [DEBUG] ? Waiting 2000ms before next request...
[2026-05-30T15:52:41.126Z] [DEBUG] Attempt 1/6: Fetching...
[2026-05-30T15:52:41.706Z] [DEBUG] ? Successfully fetched data
[2026-05-30T15:52:41.706Z] [INFO] ?? Page 6: Fetched 500 words (Total: 3000)
[2026-05-30T15:52:41.706Z] [DEBUG] ? Waiting 2000ms before next request...
[2026-05-30T15:52:43.716Z] [DEBUG] Attempt 1/6: Fetching...
[2026-05-30T15:52:44.278Z] [DEBUG] ? Successfully fetched data
[2026-05-30T15:52:44.278Z] [INFO] ?? Page 7: Fetched 500 words (Total: 3500)
[2026-05-30T15:52:44.278Z] [DEBUG] ? Waiting 2000ms before next request...
[2026-05-30T15:52:46.291Z] [DEBUG] Attempt 1/6: Fetching...
[2026-05-30T15:52:46.874Z] [DEBUG] ? Successfully fetched data
[2026-05-30T15:52:46.874Z] [INFO] ?? Page 8: Fetched 500 words (Total: 4000)
[2026-05-30T15:52:46.874Z] [DEBUG] ? Waiting 2000ms before next request...
[2026-05-30T15:52:48.883Z] [DEBUG] Attempt 1/6: Fetching...
[2026-05-30T15:52:49.454Z] [DEBUG] ? Successfully fetched data
[2026-05-30T15:52:49.454Z] [INFO] ?? Page 9: Fetched 500 words (Total: 4500)
[2026-05-30T15:52:49.454Z] [DEBUG] ? Waiting 2000ms before next request...
[2026-05-30T15:52:51.469Z] [DEBUG] Attempt 1/6: Fetching...
[2026-05-30T15:52:52.036Z] [DEBUG] ? Successfully fetched data
[2026-05-30T15:52:52.036Z] [INFO] ?? Page 10: Fetched 500 words (Total: 5000)
[2026-05-30T15:52:52.036Z] [DEBUG] ? Waiting 2000ms before next request...
[2026-05-30T15:52:54.042Z] [DEBUG] Attempt 1/6: Fetching...
[2026-05-30T15:52:54.582Z] [DEBUG] ? Successfully fetched data
[2026-05-30T15:52:54.582Z] [INFO] ?? Page 11: Fetched 500 words (Total: 5500)
[2026-05-30T15:52:54.582Z] [DEBUG] ? Waiting 2000ms before next request...
[2026-05-30T15:52:56.588Z] [DEBUG] Attempt 1/6: Fetching...
[2026-05-30T15:52:57.121Z] [DEBUG] ? Successfully fetched data
[2026-05-30T15:52:57.121Z] [INFO] ?? Page 12: Fetched 500 words (Total: 6000)
[2026-05-30T15:52:57.121Z] [DEBUG] ? Waiting 2000ms before next request...
[2026-05-30T15:52:59.123Z] [DEBUG] Attempt 1/6: Fetching...
[2026-05-30T15:52:59.676Z] [DEBUG] ? Successfully fetched data
[2026-05-30T15:52:59.676Z] [INFO] ?? Page 13: Fetched 500 words (Total: 6500)
[2026-05-30T15:52:59.676Z] [DEBUG] ? Waiting 2000ms before next request...
[2026-05-30T15:53:01.679Z] [DEBUG] Attempt 1/6: Fetching...
[2026-05-30T15:53:02.224Z] [DEBUG] ? Successfully fetched data
[2026-05-30T15:53:02.225Z] [INFO] ?? Page 14: Fetched 500 words (Total: 7000)
[2026-05-30T15:53:02.225Z] [DEBUG] ? Waiting 2000ms before next request...
[2026-05-30T15:53:04.233Z] [DEBUG] Attempt 1/6: Fetching...
[2026-05-30T15:53:04.798Z] [DEBUG] ? Successfully fetched data
[2026-05-30T15:53:04.798Z] [INFO] ?? Page 15: Fetched 500 words (Total: 7500)
[2026-05-30T15:53:04.798Z] [DEBUG] ? Waiting 2000ms before next request...
[2026-05-30T15:53:06.805Z] [DEBUG] Attempt 1/6: Fetching...
[2026-05-30T15:53:07.342Z] [DEBUG] ? Successfully fetched data
[2026-05-30T15:53:07.342Z] [INFO] ?? Page 16: Fetched 500 words (Total: 8000)
[2026-05-30T15:53:07.342Z] [DEBUG] ? Waiting 2000ms before next request...
[2026-05-30T15:53:09.350Z] [DEBUG] Attempt 1/6: Fetching...
[2026-05-30T15:53:09.916Z] [DEBUG] ? Successfully fetched data
[2026-05-30T15:53:09.916Z] [INFO] ?? Page 17: Fetched 500 words (Total: 8500)
[2026-05-30T15:53:09.916Z] [DEBUG] ? Waiting 2000ms before next request...
[2026-05-30T15:53:11.928Z] [DEBUG] Attempt 1/6: Fetching...
[2026-05-30T15:53:12.191Z] [INFO] ? Attempt 1 failed: Invalid JSON response: You are making too many requests to the API.
Please follow the best practices at <https://www.mediaw
[2026-05-30T15:53:12.191Z] [INFO] ? Retry 1/5 after 5000ms...
[2026-05-30T15:53:17.194Z] [DEBUG] Attempt 2/6: Fetching...
[2026-05-30T15:53:17.578Z] [INFO] ? Attempt 2 failed: Invalid JSON response: You are making too many requests to the API.
Please follow the best practices at <https://www.mediaw
[2026-05-30T15:53:17.578Z] [INFO] ? Retry 2/5 after 5000ms...
[2026-05-30T15:53:22.592Z] [DEBUG] Attempt 3/6: Fetching...
[2026-05-30T15:53:23.000Z] [INFO] ? Attempt 3 failed: Invalid JSON response: You are making too many requests to the API.
Please follow the best practices at <https://www.mediaw
[2026-05-30T15:53:23.000Z] [INFO] ? Retry 3/5 after 5000ms...
[2026-05-30T15:53:28.011Z] [DEBUG] Attempt 4/6: Fetching...
[2026-05-30T15:53:28.471Z] [INFO] ? Attempt 4 failed: Invalid JSON response: You are making too many requests to the API.
Please follow the best practices at <https://www.mediaw
[2026-05-30T15:53:28.471Z] [INFO] ? Retry 4/5 after 5000ms...
[2026-05-30T15:53:33.483Z] [DEBUG] Attempt 5/6: Fetching...
[2026-05-30T15:53:33.866Z] [INFO] ? Attempt 5 failed: Invalid JSON response: You are making too many requests to the API.
Please follow the best practices at <https://www.mediaw
[2026-05-30T15:53:33.866Z] [INFO] ? Retry 5/5 after 5000ms...
[2026-05-30T15:53:38.872Z] [DEBUG] Attempt 6/6: Fetching...
[2026-05-30T15:53:39.292Z] [ERROR] Failed to fetch from Wiktionary - Invalid JSON response: You are making too many requests to the API.
Please follow the best practices at <https://www.mediaw
[2026-05-30T15:53:39.292Z] [ERROR] Fatal error - Invalid JSON response: You are making too many requests to the API.
Please follow the best practices at <https://www.mediaw